TN:
SF:src\app.ts
FNF:0
FNH:0
DA:1,1
DA:2,1
DA:3,1
DA:4,1
DA:6,1
DA:15,1
DA:16,1
DA:17,1
DA:19,1
DA:21,1
DA:22,1
DA:23,1
DA:24,1
DA:26,1
DA:28,1
DA:30,1
LF:16
LH:16
BRF:0
BRH:0
end_of_record
TN:
SF:src\db.ts
FN:6,(anonymous_8)
FN:6,(anonymous_9)
FNF:2
FNH:2
FNDA:3,(anonymous_8)
FNDA:3,(anonymous_9)
DA:1,1
DA:2,1
DA:4,1
DA:6,3
DA:7,3
DA:8,3
DA:9,1
DA:10,1
DA:13,2
DA:14,2
DA:15,1
DA:17,1
DA:18,1
LF:13
LH:13
BRDA:8,0,0,1
BRF:1
BRH:1
end_of_record
TN:
SF:src\server.ts
FN:6,(anonymous_8)
FN:6,(anonymous_9)
FN:9,(anonymous_10)
FNF:3
FNH:3
FNDA:3,(anonymous_8)
FNDA:3,(anonymous_9)
FNDA:1,(anonymous_10)
DA:1,3
DA:2,3
DA:4,3
DA:6,3
DA:7,3
DA:9,3
DA:10,1
DA:14,3
LF:8
LH:8
BRDA:4,0,0,3
BRDA:4,0,1,2
BRF:2
BRH:2
end_of_record
TN:
SF:src\controllers\asyncHandler.ts
FN:4,(anonymous_0)
FN:5,(anonymous_1)
FNF:2
FNH:2
FNDA:28,(anonymous_0)
FNDA:3,(anonymous_1)
DA:3,2
DA:4,2
DA:5,28
DA:6,3
LF:4
LH:4
BRF:0
BRH:0
end_of_record
TN:
SF:src\controllers\index.ts
FN:63,(anonymous_0)
FN:62,(anonymous_1)
FN:47,(anonymous_2)
FN:51,(anonymous_3)
FN:48,(anonymous_4)
FN:49,(anonymous_5)
FN:50,(anonymous_6)
FN:57,(anonymous_7)
FN:61,(anonymous_8)
FN:58,(anonymous_9)
FN:59,(anonymous_10)
FN:60,(anonymous_11)
FN:52,(anonymous_12)
FN:56,(anonymous_13)
FN:53,(anonymous_14)
FN:54,(anonymous_15)
FN:55,(anonymous_16)
FN:46,(anonymous_17)
FN:43,(anonymous_18)
FN:44,(anonymous_19)
FN:45,(anonymous_20)
FN:68,(anonymous_21)
FN:65,(anonymous_22)
FN:66,(anonymous_23)
FN:64,(anonymous_24)
FN:67,(anonymous_25)
FNF:26
FNH:26
FNDA:12,(anonymous_0)
FNDA:12,(anonymous_1)
FNDA:6,(anonymous_2)
FNDA:4,(anonymous_3)
FNDA:4,(anonymous_4)
FNDA:5,(anonymous_5)
FNDA:4,(anonymous_6)
FNDA:6,(anonymous_7)
FNDA:4,(anonymous_8)
FNDA:4,(anonymous_9)
FNDA:5,(anonymous_10)
FNDA:4,(anonymous_11)
FNDA:6,(anonymous_12)
FNDA:4,(anonymous_13)
FNDA:4,(anonymous_14)
FNDA:5,(anonymous_15)
FNDA:4,(anonymous_16)
FNDA:3,(anonymous_17)
FNDA:3,(anonymous_18)
FNDA:3,(anonymous_19)
FNDA:3,(anonymous_20)
FNDA:5,(anonymous_21)
FNDA:5,(anonymous_22)
FNDA:5,(anonymous_23)
FNDA:9,(anonymous_24)
FNDA:7,(anonymous_25)
DA:1,7
DA:3,7
DA:11,7
DA:19,7
DA:27,7
DA:34,7
DA:43,10
DA:44,10
DA:45,10
DA:46,10
DA:47,13
DA:48,11
DA:49,12
DA:50,11
DA:51,11
DA:52,13
DA:53,11
DA:54,12
DA:55,11
DA:56,11
DA:57,13
DA:58,11
DA:59,12
DA:60,11
DA:61,11
DA:62,19
DA:63,19
DA:64,16
DA:65,12
DA:66,12
DA:67,14
DA:68,12
LF:32
LH:32
BRF:0
BRH:0
end_of_record
TN:
SF:src\controllers\answerLog\answerLog.controller.ts
FN:5,(anonymous_7)
FN:8,(anonymous_8)
FN:56,(anonymous_9)
FN:59,(anonymous_10)
FN:73,(anonymous_11)
FN:73,(anonymous_12)
FN:84,(anonymous_13)
FN:87,(anonymous_14)
FN:120,(anonymous_15)
FN:123,(anonymous_16)
FNF:10
FNH:10
FNDA:6,(anonymous_7)
FNDA:6,(anonymous_8)
FNDA:2,(anonymous_9)
FNDA:2,(anonymous_10)
FNDA:2,(anonymous_11)
FNDA:2,(anonymous_12)
FNDA:5,(anonymous_13)
FNDA:5,(anonymous_14)
FNDA:2,(anonymous_15)
FNDA:2,(anonymous_16)
DA:2,7
DA:5,7
DA:8,6
DA:9,6
DA:10,6
DA:12,6
DA:13,5
DA:14,1
DA:15,1
DA:18,4
DA:19,4
DA:20,1
DA:21,1
DA:24,3
DA:25,3
DA:26,1
DA:27,1
DA:30,2
DA:31,2
DA:33,2
DA:43,2
DA:49,2
DA:51,1
DA:52,1
DA:56,7
DA:59,2
DA:60,2
DA:61,2
DA:67,1
DA:69,1
DA:73,7
DA:74,2
DA:75,2
DA:76,2
DA:77,1
DA:78,1
DA:80,1
DA:84,7
DA:87,5
DA:88,5
DA:89,5
DA:90,5
DA:92,5
DA:93,4
DA:94,1
DA:97,3
DA:98,2
DA:99,1
DA:102,1
DA:103,1
DA:105,1
DA:106,1
DA:107,1
DA:108,1
DA:110,1
DA:115,2
DA:116,2
DA:120,7
DA:123,2
DA:124,2
DA:125,2
DA:127,2
DA:129,1
DA:143,1
DA:147,1
LF:65
LH:65
BRDA:13,0,0,1
BRDA:19,1,0,1
BRDA:25,2,0,1
BRDA:31,3,0,1
BRDA:31,3,1,1
BRDA:93,4,0,1
BRDA:98,5,0,1
BRDA:103,6,0,1
BRDA:103,6,1,0
BRF:9
BRH:8
end_of_record
TN:
SF:src\controllers\auth\auth.controller.ts
FN:6,(anonymous_8)
FN:9,(anonymous_9)
FN:30,(anonymous_10)
FN:30,(anonymous_11)
FNF:4
FNH:4
FNDA:9,(anonymous_8)
FNDA:9,(anonymous_9)
FNDA:9,(anonymous_10)
FNDA:9,(anonymous_11)
DA:2,7
DA:3,7
DA:4,7
DA:6,7
DA:9,9
DA:10,9
DA:11,9
DA:12,9
DA:13,7
DA:14,2
DA:16,5
DA:17,3
DA:18,1
DA:22,6
DA:23,6
DA:24,3
DA:26,3
DA:30,9
DA:31,9
DA:32,9
DA:33,9
DA:34,7
DA:35,1
DA:37,6
DA:38,5
DA:40,4
DA:46,2
DA:56,5
DA:57,5
DA:58,2
DA:60,3
LF:31
LH:31
BRDA:13,0,0,2
BRDA:23,1,0,3
BRDA:34,2,0,1
BRDA:38,3,0,1
BRDA:42,4,0,4
BRDA:42,4,1,4
BRDA:52,5,0,2
BRDA:52,5,1,1
BRDA:57,6,0,2
BRF:9
BRH:9
end_of_record
TN:
SF:src\controllers\level\level.controller.ts
FN:4,(anonymous_7)
FN:4,(anonymous_8)
FN:17,(anonymous_9)
FN:17,(anonymous_10)
FN:22,(anonymous_11)
FN:25,(anonymous_12)
FN:31,(anonymous_13)
FN:31,(anonymous_14)
FN:38,(anonymous_15)
FN:38,(anonymous_16)
FNF:10
FNH:10
FNDA:3,(anonymous_7)
FNDA:3,(anonymous_8)
FNDA:1,(anonymous_9)
FNDA:1,(anonymous_10)
FNDA:2,(anonymous_11)
FNDA:2,(anonymous_12)
FNDA:1,(anonymous_13)
FNDA:1,(anonymous_14)
FNDA:1,(anonymous_15)
FNDA:1,(anonymous_16)
DA:2,7
DA:4,7
DA:5,3
DA:6,3
DA:7,1
DA:9,2
DA:10,1
DA:12,1
DA:17,7
DA:18,1
DA:19,1
DA:22,7
DA:25,2
DA:26,2
DA:27,2
DA:28,1
DA:31,7
DA:32,1
DA:35,1
DA:38,7
DA:39,1
DA:40,1
LF:22
LH:22
BRDA:9,0,0,1
BRDA:9,0,1,1
BRDA:27,1,0,1
BRF:3
BRH:3
end_of_record
TN:
SF:src\controllers\question\question.controller.ts
FN:5,(anonymous_7)
FN:5,(anonymous_8)
FN:19,(anonymous_9)
FN:19,(anonymous_10)
FN:24,(anonymous_11)
FN:27,(anonymous_12)
FN:34,(anonymous_13)
FN:34,(anonymous_14)
FN:41,(anonymous_15)
FN:41,(anonymous_16)
FNF:10
FNH:10
FNDA:3,(anonymous_7)
FNDA:3,(anonymous_8)
FNDA:1,(anonymous_9)
FNDA:1,(anonymous_10)
FNDA:2,(anonymous_11)
FNDA:2,(anonymous_12)
FNDA:1,(anonymous_13)
FNDA:1,(anonymous_14)
FNDA:1,(anonymous_15)
FNDA:1,(anonymous_16)
DA:2,7
DA:5,7
DA:6,3
DA:7,3
DA:8,1
DA:10,2
DA:11,2
DA:12,1
DA:14,1
DA:19,7
DA:20,1
DA:21,1
DA:24,7
DA:27,2
DA:28,2
DA:29,2
DA:30,1
DA:31,1
DA:34,7
DA:35,1
DA:38,1
DA:41,7
DA:42,1
DA:43,1
LF:24
LH:24
BRDA:11,0,0,1
BRDA:11,0,1,1
BRDA:29,1,0,1
BRF:3
BRH:3
end_of_record
TN:
SF:src\controllers\section\section.controller.ts
FN:4,(anonymous_7)
FN:4,(anonymous_8)
FN:18,(anonymous_9)
FN:18,(anonymous_10)
FN:23,(anonymous_11)
FN:26,(anonymous_12)
FN:32,(anonymous_13)
FN:32,(anonymous_14)
FN:39,(anonymous_15)
FN:39,(anonymous_16)
FNF:10
FNH:10
FNDA:3,(anonymous_7)
FNDA:3,(anonymous_8)
FNDA:1,(anonymous_9)
FNDA:1,(anonymous_10)
FNDA:2,(anonymous_11)
FNDA:2,(anonymous_12)
FNDA:1,(anonymous_13)
FNDA:1,(anonymous_14)
FNDA:1,(anonymous_15)
FNDA:1,(anonymous_16)
DA:2,7
DA:4,7
DA:5,3
DA:6,3
DA:7,1
DA:9,2
DA:10,2
DA:11,1
DA:13,1
DA:18,7
DA:19,1
DA:20,1
DA:23,7
DA:26,2
DA:27,2
DA:28,2
DA:29,1
DA:32,7
DA:33,1
DA:36,1
DA:39,7
DA:40,1
DA:41,1
LF:23
LH:23
BRDA:10,0,0,1
BRDA:10,0,1,1
BRDA:28,1,0,1
BRF:3
BRH:3
end_of_record
TN:
SF:src\controllers\user\user.controller.ts
FN:5,(anonymous_8)
FN:8,(anonymous_9)
FN:13,(anonymous_10)
FN:16,(anonymous_11)
FN:23,(anonymous_12)
FN:23,(anonymous_13)
FN:48,(anonymous_14)
FN:48,(anonymous_15)
FNF:8
FNH:8
FNDA:1,(anonymous_8)
FNDA:1,(anonymous_9)
FNDA:2,(anonymous_10)
FNDA:2,(anonymous_11)
FNDA:4,(anonymous_12)
FNDA:4,(anonymous_13)
FNDA:2,(anonymous_14)
FNDA:2,(anonymous_15)
DA:2,8
DA:3,8
DA:5,8
DA:8,1
DA:9,1
DA:10,1
DA:13,8
DA:16,2
DA:17,2
DA:18,2
DA:19,2
DA:20,1
DA:23,8
DA:24,4
DA:25,4
DA:26,4
DA:28,4
DA:29,1
DA:30,1
DA:33,4
DA:37,3
DA:38,1
DA:41,2
DA:43,1
DA:44,1
DA:48,8
DA:49,2
DA:50,2
DA:52,2
DA:54,1
DA:56,1
DA:58,1
DA:59,1
LF:33
LH:33
BRDA:19,0,0,1
BRDA:28,1,0,1
BRDA:37,2,0,1
BRF:3
BRH:3
end_of_record
TN:
SF:src\docs\swagger.ts
FNF:0
FNH:0
DA:1,1
DA:3,1
DA:28,1
DA:33,1
LF:4
LH:4
BRF:0
BRH:0
end_of_record
TN:
SF:src\middlewares\auth.middleware.ts
FN:8,(anonymous_1)
FNF:1
FNH:1
FNDA:3,(anonymous_1)
DA:2,2
DA:8,2
DA:13,3
DA:15,3
DA:16,1
DA:17,1
DA:20,2
DA:21,2
DA:22,2
DA:23,1
DA:24,1
DA:26,1
DA:27,1
LF:13
LH:13
BRDA:13,0,0,1
BRDA:13,0,1,2
BRDA:13,1,0,3
BRDA:13,1,1,3
BRDA:15,2,0,1
BRDA:21,3,0,2
BRDA:21,3,1,2
BRF:7
BRH:7
end_of_record
TN:
SF:src\models\index.ts
FN:12,(anonymous_0)
FN:9,(anonymous_1)
FN:11,(anonymous_2)
FN:10,(anonymous_3)
FN:8,(anonymous_4)
FNF:5
FNH:5
FNDA:30,(anonymous_0)
FNDA:7,(anonymous_1)
FNDA:19,(anonymous_2)
FNDA:9,(anonymous_3)
FNDA:10,(anonymous_4)
DA:1,4
DA:2,4
DA:3,4
DA:4,4
DA:5,4
DA:8,14
DA:9,11
DA:10,13
DA:11,23
DA:12,34
LF:10
LH:10
BRF:0
BRH:0
end_of_record
TN:
SF:src\models\answerLog\answerLog.model.ts
FNF:0
FNH:0
DA:1,5
DA:3,5
DA:5,5
LF:3
LH:3
BRF:0
BRH:0
end_of_record
TN:
SF:src\models\level\level.model.ts
FNF:0
FNH:0
DA:1,5
DA:4,5
DA:6,5
LF:3
LH:3
BRF:0
BRH:0
end_of_record
TN:
SF:src\models\question\question.model.ts
FNF:0
FNH:0
DA:1,5
DA:4,5
DA:6,5
LF:3
LH:3
BRF:0
BRH:0
end_of_record
TN:
SF:src\models\section\section.model.ts
FNF:0
FNH:0
DA:1,5
DA:4,5
DA:6,5
LF:3
LH:3
BRF:0
BRH:0
end_of_record
TN:
SF:src\models\user\user.model.ts
FNF:0
FNH:0
DA:1,5
DA:4,5
DA:6,5
LF:3
LH:3
BRF:0
BRH:0
end_of_record
TN:
SF:src\routes\index.ts
FNF:0
FNH:0
DA:1,1
DA:2,1
DA:3,1
DA:4,1
DA:5,1
DA:6,1
DA:9,1
DA:10,1
DA:11,1
DA:12,1
DA:13,1
DA:14,1
LF:12
LH:12
BRF:0
BRH:0
end_of_record
TN:
SF:src\routes\answerLog\answerLog.routes.ts
FNF:0
FNH:0
DA:1,1
DA:2,1
DA:9,1
DA:11,1
DA:52,1
DA:64,1
DA:85,1
DA:120,1
DA:141,1
DA:143,1
LF:10
LH:10
BRF:0
BRH:0
end_of_record
TN:
SF:src\routes\auth\auth.routes.ts
FNF:0
FNH:0
DA:1,2
DA:2,2
DA:3,2
DA:5,2
DA:46,2
DA:76,2
DA:78,2
LF:7
LH:7
BRF:0
BRH:0
end_of_record
TN:
SF:src\routes\level\level.routes.ts
FNF:0
FNH:0
DA:1,2
DA:2,2
DA:9,2
DA:11,2
DA:52,2
DA:64,2
DA:85,2
DA:124,2
DA:145,2
DA:147,2
LF:10
LH:10
BRF:0
BRH:0
end_of_record
TN:
SF:src\routes\question\question.routes.ts
FNF:0
FNH:0
DA:1,2
DA:2,2
DA:9,2
DA:11,2
DA:72,2
DA:84,2
DA:105,2
DA:151,2
DA:172,2
DA:174,2
LF:10
LH:10
BRF:0
BRH:0
end_of_record
TN:
SF:src\routes\section\section.routes.ts
FNF:0
FNH:0
DA:1,2
DA:2,2
DA:9,2
DA:11,2
DA:52,2
DA:64,2
DA:85,2
DA:124,2
DA:145,2
DA:147,2
LF:10
LH:10
BRF:0
BRH:0
end_of_record
TN:
SF:src\routes\user\user.routes.ts
FNF:0
FNH:0
DA:1,2
DA:2,2
DA:9,2
DA:10,2
DA:12,2
DA:31,2
DA:56,2
DA:96,2
DA:121,2
DA:123,2
LF:10
LH:10
BRF:0
BRH:0
end_of_record
TN:
SF:src\schemas\index.ts
FN:12,(anonymous_0)
FN:9,(anonymous_1)
FN:11,(anonymous_2)
FN:10,(anonymous_3)
FN:8,(anonymous_4)
FNF:5
FNH:5
FNDA:7,(anonymous_0)
FNDA:7,(anonymous_1)
FNDA:7,(anonymous_2)
FNDA:7,(anonymous_3)
FNDA:8,(anonymous_4)
DA:1,11
DA:2,11
DA:3,11
DA:4,11
DA:5,11
DA:8,19
DA:9,18
DA:10,18
DA:11,18
DA:12,18
LF:10
LH:10
BRF:0
BRH:0
end_of_record
TN:
SF:src\schemas\answerLog\answerLog.schema.ts
FNF:0
FNH:0
DA:1,12
DA:3,12
LF:2
LH:2
BRF:0
BRH:0
end_of_record
TN:
SF:src\schemas\level\level.schema.ts
FNF:0
FNH:0
DA:1,12
DA:4,12
LF:2
LH:2
BRF:0
BRH:0
end_of_record
TN:
SF:src\schemas\question\question.schema.ts
FNF:0
FNH:0
DA:1,12
DA:4,12
LF:2
LH:2
BRF:0
BRH:0
end_of_record
TN:
SF:src\schemas\section\section.schema.ts
FNF:0
FNH:0
DA:1,12
DA:4,12
LF:2
LH:2
BRF:0
BRH:0
end_of_record
TN:
SF:src\schemas\user\user.schema.ts
FNF:0
FNH:0
DA:1,11
DA:4,11
LF:2
LH:2
BRF:0
BRH:0
end_of_record
